<?xml version="1.0" encoding="utf-8"?><testsuites name="pytest tests"><testsuite name="pytest" errors="0" failures="2" skipped="0" tests="134" time="110.663" timestamp="2026-07-22T21:24:28.445489+08:00" hostname="DESKTOP-42ULV52"><testcase classname="generated_tests.Baidu_百度全量.test_api.Test_首页" name="test_ok" time="0.088" /><testcase classname="generated_tests.Baidu_百度全量.test_api.Test_首页" name="test_body" time="0.084" /><testcase classname="generated_tests.Baidu_百度全量.test_api.Test_首页" name="test_type" time="0.078" /><testcase classname="generated_tests.Baidu_百度全量.test_api.Test_首页" name="test_time" time="0.075" /><testcase classname="generated_tests.Baidu_百度全量.test_api.Test_首页" name="test_head" time="0.076" /><testcase classname="generated_tests.Baidu_百度全量.test_api.Test_首页" name="test_page" time="0.091" /><testcase classname="generated_tests.Baidu_百度全量.test_api.Test_首页" name="test_mobile" time="0.123" /><testcase classname="generated_tests.Baidu_百度全量.test_api.Test_首页" name="test_json_accept" time="0.086" /><testcase classname="generated_tests.Baidu_百度全量.test_api.Test_英文搜索" name="test_ok" time="0.082" /><testcase classname="generated_tests.Baidu_百度全量.test_api.Test_英文搜索" name="test_body" time="0.072" /><testcase classname="generated_tests.Baidu_百度全量.test_api.Test_英文搜索" name="test_type" time="0.087" /><testcase classname="generated_tests.Baidu_百度全量.test_api.Test_英文搜索" name="test_time" time="0.075" /><testcase classname="generated_tests.Baidu_百度全量.test_api.Test_英文搜索" name="test_head" time="0.072" /><testcase classname="generated_tests.Baidu_百度全量.test_api.Test_英文搜索" name="test_page" time="0.084" /><testcase classname="generated_tests.Baidu_百度全量.test_api.Test_英文搜索" name="test_mobile" time="0.223" /><testcase classname="generated_tests.Baidu_百度全量.test_api.Test_英文搜索" name="test_json_accept" time="0.092" /><testcase classname="generated_tests.Baidu_百度全量.test_api.Test_中文搜索" name="test_ok" time="0.091" /><testcase classname="generated_tests.Baidu_百度全量.test_api.Test_中文搜索" name="test_body" time="0.075" /><testcase classname="generated_tests.Baidu_百度全量.test_api.Test_中文搜索" name="test_type" time="0.100" /><testcase classname="generated_tests.Baidu_百度全量.test_api.Test_中文搜索" name="test_time" time="0.069" /><testcase classname="generated_tests.Baidu_百度全量.test_api.Test_中文搜索" name="test_head" time="0.088" /><testcase classname="generated_tests.Baidu_百度全量.test_api.Test_中文搜索" name="test_page" time="0.095" /><testcase classname="generated_tests.Baidu_百度全量.test_api.Test_中文搜索" name="test_mobile" time="0.225" /><testcase classname="generated_tests.Baidu_百度全量.test_api.Test_中文搜索" name="test_json_accept" time="0.083" /><testcase classname="generated_tests.Baidu_百度全量.test_api.Test_搜索第2页" name="test_ok" time="0.096" /><testcase classname="generated_tests.Baidu_百度全量.test_api.Test_搜索第2页" name="test_body" time="0.103" /><testcase classname="generated_tests.Baidu_百度全量.test_api.Test_搜索第2页" name="test_type" time="0.078" /><testcase classname="generated_tests.Baidu_百度全量.test_api.Test_搜索第2页" name="test_time" time="0.087" /><testcase classname="generated_tests.Baidu_百度全量.test_api.Test_搜索第2页" name="test_head" time="0.068" /><testcase classname="generated_tests.Baidu_百度全量.test_api.Test_搜索第2页" name="test_page" time="0.065" /><testcase classname="generated_tests.Baidu_百度全量.test_api.Test_搜索第2页" name="test_mobile" time="0.203" /><testcase classname="generated_tests.Baidu_百度全量.test_api.Test_搜索第2页" name="test_json_accept" time="0.083" /><testcase classname="generated_tests.Baidu_百度全量.test_api.Test_搜索第3页" name="test_ok" time="0.068" /><testcase classname="generated_tests.Baidu_百度全量.test_api.Test_搜索第3页" name="test_body" time="0.072" /><testcase classname="generated_tests.Baidu_百度全量.test_api.Test_搜索第3页" name="test_type" time="0.067" /><testcase classname="generated_tests.Baidu_百度全量.test_api.Test_搜索第3页" name="test_time" time="0.089" /><testcase classname="generated_tests.Baidu_百度全量.test_api.Test_搜索第3页" name="test_head" time="0.070" /><testcase classname="generated_tests.Baidu_百度全量.test_api.Test_搜索第3页" name="test_page" time="0.075" /><testcase classname="generated_tests.Baidu_百度全量.test_api.Test_搜索第3页" name="test_mobile" time="0.188" /><testcase classname="generated_tests.Baidu_百度全量.test_api.Test_搜索第3页" name="test_json_accept" time="0.069" /><testcase classname="generated_tests.Baidu_百度全量.test_api.Test_每页50条" name="test_ok" time="0.068" /><testcase classname="generated_tests.Baidu_百度全量.test_api.Test_每页50条" name="test_body" time="0.068" /><testcase classname="generated_tests.Baidu_百度全量.test_api.Test_每页50条" name="test_type" time="0.076" /><testcase classname="generated_tests.Baidu_百度全量.test_api.Test_每页50条" name="test_time" time="0.070" /><testcase classname="generated_tests.Baidu_百度全量.test_api.Test_每页50条" name="test_head" time="0.066" /><testcase classname="generated_tests.Baidu_百度全量.test_api.Test_每页50条" name="test_page" time="0.069" /><testcase classname="generated_tests.Baidu_百度全量.test_api.Test_每页50条" name="test_mobile" time="0.187" /><testcase classname="generated_tests.Baidu_百度全量.test_api.Test_每页50条" name="test_json_accept" time="0.090" /><testcase classname="generated_tests.Baidu_百度全量.test_api.Test_空关键词" name="test_ok" time="0.070" /><testcase classname="generated_tests.Baidu_百度全量.test_api.Test_空关键词" name="test_body" time="0.089" /><testcase classname="generated_tests.Baidu_百度全量.test_api.Test_空关键词" name="test_type" time="0.066" /><testcase classname="generated_tests.Baidu_百度全量.test_api.Test_空关键词" name="test_time" time="0.092" /><testcase classname="generated_tests.Baidu_百度全量.test_api.Test_空关键词" name="test_head" time="0.091" /><testcase classname="generated_tests.Baidu_百度全量.test_api.Test_空关键词" name="test_page" time="0.074" /><testcase classname="generated_tests.Baidu_百度全量.test_api.Test_空关键词" name="test_mobile" time="0.190" /><testcase classname="generated_tests.Baidu_百度全量.test_api.Test_空关键词" name="test_json_accept" time="0.082" /><testcase classname="generated_tests.Baidu_百度全量.test_api.Test_搜索建议" name="test_ok" time="0.090" /><testcase classname="generated_tests.Baidu_百度全量.test_api.Test_搜索建议" name="test_body" time="0.093" /><testcase classname="generated_tests.Baidu_百度全量.test_api.Test_搜索建议" name="test_type" time="0.072" /><testcase classname="generated_tests.Baidu_百度全量.test_api.Test_搜索建议" name="test_time" time="0.081" /><testcase classname="generated_tests.Baidu_百度全量.test_api.Test_搜索建议" name="test_head" time="0.079" /><testcase classname="generated_tests.Baidu_百度全量.test_api.Test_搜索建议" name="test_page" time="0.070" /><testcase classname="generated_tests.Baidu_百度全量.test_api.Test_搜索建议" name="test_mobile" time="0.199" /><testcase classname="generated_tests.Baidu_百度全量.test_api.Test_搜索建议" name="test_json_accept" time="0.086" /><testcase classname="generated_tests.Baidu_百度全量.test_api.Test_POST搜索" name="test_ok" time="0.086" /><testcase classname="generated_tests.Baidu_百度全量.test_api.Test_POST搜索" name="test_empty" time="0.106" /><testcase classname="generated_tests.Baidu_百度全量.test_api.Test_POST搜索" name="test_bad" time="0.087" /><testcase classname="generated_tests.Baidu_百度全量.test_api.Test_POST搜索" name="test_form" time="0.079" /><testcase classname="generated_tests.Baidu_百度全量.test_api.Test_Logo图片" name="test_ok" time="0.083" /><testcase classname="generated_tests.Baidu_百度全量.test_api.Test_Logo图片" name="test_body" time="0.061" /><testcase classname="generated_tests.Baidu_百度全量.test_api.Test_Logo图片" name="test_type" time="6.241" /><testcase classname="generated_tests.Baidu_百度全量.test_api.Test_Logo图片" name="test_time" time="0.072" /><testcase classname="generated_tests.Baidu_百度全量.test_api.Test_Logo图片" name="test_head" time="0.059" /><testcase classname="generated_tests.Baidu_百度全量.test_api.Test_Logo图片" name="test_page" time="0.056" /><testcase classname="generated_tests.Baidu_百度全量.test_api.Test_Logo图片" name="test_mobile" time="0.090" /><testcase classname="generated_tests.Baidu_百度全量.test_api.Test_Logo图片" name="test_json_accept" time="0.070" /><testcase classname="generated_tests.Baidu_百度全量.test_api.Test_静态资源" name="test_ok" time="0.059" /><testcase classname="generated_tests.Baidu_百度全量.test_api.Test_静态资源" name="test_body" time="0.081" /><testcase classname="generated_tests.Baidu_百度全量.test_api.Test_静态资源" name="test_type" time="0.056" /><testcase classname="generated_tests.Baidu_百度全量.test_api.Test_静态资源" name="test_time" time="0.070" /><testcase classname="generated_tests.Baidu_百度全量.test_api.Test_静态资源" name="test_head" time="0.057" /><testcase classname="generated_tests.Baidu_百度全量.test_api.Test_静态资源" name="test_page" time="0.064" /><testcase classname="generated_tests.Baidu_百度全量.test_api.Test_静态资源" name="test_mobile" time="0.073" /><testcase classname="generated_tests.Baidu_百度全量.test_api.Test_静态资源" name="test_json_accept" time="0.065" /><testcase classname="generated_tests.Baidu_百度全量.test_api.Test_错误页面" name="test_ok" time="0.063" /><testcase classname="generated_tests.Baidu_百度全量.test_api.Test_错误页面" name="test_body" time="0.064" /><testcase classname="generated_tests.Baidu_百度全量.test_api.Test_错误页面" name="test_type" time="0.075" /><testcase classname="generated_tests.Baidu_百度全量.test_api.Test_错误页面" name="test_time" time="0.079" /><testcase classname="generated_tests.Baidu_百度全量.test_api.Test_错误页面" name="test_head" time="0.086" /><testcase classname="generated_tests.Baidu_百度全量.test_api.Test_错误页面" name="test_page" time="0.062" /><testcase classname="generated_tests.Baidu_百度全量.test_api.Test_错误页面" name="test_mobile" time="0.058" /><testcase classname="generated_tests.Baidu_百度全量.test_api.Test_错误页面" name="test_json_accept" time="0.090" /><testcase classname="generated_tests.Baidu_百度全量.test_data.TestData" name="test_d0" time="0.077" /><testcase classname="generated_tests.Baidu_百度全量.test_data.TestData" name="test_d1" time="0.060" /><testcase classname="generated_tests.Baidu_百度全量.test_data.TestData" name="test_d2" time="0.066" /><testcase classname="generated_tests.Baidu_百度全量.test_data.TestData" name="test_d3" time="0.057" /><testcase classname="generated_tests.Baidu_百度全量.test_data.TestData" name="test_d4" time="0.069" /><testcase classname="generated_tests.Baidu_百度全量.test_data.TestData" name="test_d5" time="0.082" /><testcase classname="generated_tests.Baidu_百度全量.test_data.TestData" name="test_d6" time="0.080" /><testcase classname="generated_tests.Baidu_百度全量.test_data.TestData" name="test_d7" time="0.076" /><testcase classname="generated_tests.Baidu_百度全量.test_data.TestData" name="test_d8" time="0.068" /><testcase classname="generated_tests.Baidu_百度全量.test_data.TestData" name="test_d9" time="0.076" /><testcase classname="generated_tests.Baidu_百度全量.test_ui.Test_首页" name="test_1_page_loaded" time="4.221" /><testcase classname="generated_tests.Baidu_百度全量.test_ui.Test_首页" name="test_2_no_console_errors" time="3.318" /><testcase classname="generated_tests.Baidu_百度全量.test_ui.Test_首页" name="test_3_load_time" time="1.984" /><testcase classname="generated_tests.Baidu_百度全量.test_ui.Test_首页" name="test_4_mobile_viewport" time="1.128" /><testcase classname="generated_tests.Baidu_百度全量.test_ui.Test_首页" name="test_5_links_exist" time="1.213" /><testcase classname="generated_tests.Baidu_百度全量.test_ui.Test_首页" name="test_6_resources_loaded" time="5.563" /><testcase classname="generated_tests.Baidu_百度全量.test_ui.Test_英文搜索" name="test_1_page_loaded" time="4.866" /><testcase classname="generated_tests.Baidu_百度全量.test_ui.Test_英文搜索" name="test_2_no_console_errors" time="4.608" /><testcase classname="generated_tests.Baidu_百度全量.test_ui.Test_英文搜索" name="test_3_load_time" time="3.983" /><testcase classname="generated_tests.Baidu_百度全量.test_ui.Test_英文搜索" name="test_4_mobile_viewport" time="2.645" /><testcase classname="generated_tests.Baidu_百度全量.test_ui.Test_英文搜索" name="test_5_links_exist" time="5.156" /><testcase classname="generated_tests.Baidu_百度全量.test_ui.Test_英文搜索" name="test_6_resources_loaded" time="7.661" /><testcase classname="generated_tests.Baidu_百度全量.test_ui.Test_中文搜索" name="test_1_page_loaded" time="3.591" /><testcase classname="generated_tests.Baidu_百度全量.test_ui.Test_中文搜索" name="test_2_no_console_errors" time="6.715"><failure message="AssertionError: JS errors:['c is not defined']&#10;assert 1 == 0&#10; +  where 1 = len(['c is not defined'])">E   AssertionError: JS errors:['c is not defined']
    assert 1 == 0
     +  where 1 = len(['c is not defined'])</failure></testcase><testcase classname="generated_tests.Baidu_百度全量.test_ui.Test_中文搜索" name="test_3_load_time" time="2.771" /><testcase classname="generated_tests.Baidu_百度全量.test_ui.Test_中文搜索" name="test_4_mobile_viewport" time="5.002" /><testcase classname="generated_tests.Baidu_百度全量.test_ui.Test_中文搜索" name="test_5_links_exist" time="2.122" /><testcase classname="generated_tests.Baidu_百度全量.test_ui.Test_中文搜索" name="test_6_resources_loaded" time="5.441" /><testcase classname="generated_tests.Baidu_百度全量.test_ui.Test_搜索结果第2页" name="test_1_page_loaded" time="2.466" /><testcase classname="generated_tests.Baidu_百度全量.test_ui.Test_搜索结果第2页" name="test_2_no_console_errors" time="7.416"><failure message="AssertionError: JS errors:['c is not defined']&#10;assert 1 == 0&#10; +  where 1 = len(['c is not defined'])">E   AssertionError: JS errors:['c is not defined']
    assert 1 == 0
     +  where 1 = len(['c is not defined'])</failure></testcase><testcase classname="generated_tests.Baidu_百度全量.test_ui.Test_搜索结果第2页" name="test_3_load_time" time="2.580" /><testcase classname="generated_tests.Baidu_百度全量.test_ui.Test_搜索结果第2页" name="test_4_mobile_viewport" time="3.615" /><testcase classname="generated_tests.Baidu_百度全量.test_ui.Test_搜索结果第2页" name="test_5_links_exist" time="1.835" /><testcase classname="generated_tests.Baidu_百度全量.test_ui.Test_搜索结果第2页" name="test_6_resources_loaded" time="4.777" /><testcase classname="generated_tests.Baidu_百度全量.test_unit.TestUnit" name="test_1_reachable" time="0.069" /><testcase classname="generated_tests.Baidu_百度全量.test_unit.TestUnit" name="test_2_response_time" time="0.066" /><testcase classname="generated_tests.Baidu_百度全量.test_unit.TestUnit" name="test_3_ssl_valid" time="0.061" /><testcase classname="generated_tests.Baidu_百度全量.test_unit.TestUnit" name="test_4_redirect_follow" time="0.064" /><testcase classname="generated_tests.Baidu_百度全量.test_unit.TestUnit" name="test_5_headers_present" time="0.066" /><testcase classname="generated_tests.Baidu_百度全量.test_unit.TestUnit" name="test_6_content_length" time="0.064" /><testcase classname="generated_tests.Baidu_百度全量.test_unit.TestUnit" name="test_7_encoding_valid" time="0.064" /><testcase classname="generated_tests.Baidu_百度全量.test_unit.TestUnit" name="test_8_concurrent" time="0.308" /></testsuite></testsuites>